<?xml version="1.0" encoding="UTF-8"?>
<testsuite xmlns:xsi="http://www.w3.org/2001/XMLSchema-instance" xsi:schemaLocation="https://maven.apache.org/surefire/maven-surefire-plugin/xsd/surefire-test-report.xsd" name="testrunner.RunCukeTest" time="0.911" tests="34" errors="2" skipped="1" failures="0">
  <properties>
[...]
</properties>
  <testcase name="Given I have any two valid numbers 1 1" classname="| 1 | 1 | 2 |" time="0.001"/>
  <testcase name="When I send a request to the service with above numbers" classname="| 1 | 1 | 2 |" time="0"/>
  <testcase name="Then I get successful response with status code &apos;200&apos;" classname="| 1 | 1 | 2 |" time="0"/>
  <testcase name="And The sum of two numbers is 2" classname="| 1 | 1 | 2 |" time="0"/>
  <testcase name="| 1 | 1 | 2 |" classname="| 1 | 1 | 2 |" time="0"/>
  <testcase name="Given I have any two valid numbers 2 1" classname="| 2 | 1 | 3 |" time="0"/>
  <testcase name="When I send a request to the service with above numbers" classname="| 2 | 1 | 3 |" time="0"/>
  <testcase name="Then I get successful response with status code &apos;200&apos;" classname="| 2 | 1 | 3 |" time="0"/>
  <testcase name="And The sum of two numbers is 3" classname="| 2 | 1 | 3 |" time="0"/>
  <testcase name="| 2 | 1 | 3 |" classname="| 2 | 1 | 3 |" time="0"/>
  <testcase name="Given I have any two valid numbers -1 -1" classname="| -1 | -1 | -2 |" time="0"/>
  <testcase name="When I send a request to the service with above numbers" classname="| -1 | -1 | -2 |" time="0"/>
  <testcase name="Then I get successful response with status code &apos;200&apos;" classname="| -1 | -1 | -2 |" time="0"/>
  <testcase name="And The sum of two numbers is -2" classname="| -1 | -1 | -2 |" time="0"/>
  <testcase name="| -1 | -1 | -2 |" classname="| -1 | -1 | -2 |" time="0"/>
  <testcase name="Given I have any two valid numbers 1 1" classname="| 1 | 1 | 3 |" time="0"/>
  <testcase name="When I send a request to the service with above numbers" classname="| 1 | 1 | 3 |" time="0"/>
  <testcase name="Then I get successful response with status code &apos;200&apos;" classname="| 1 | 1 | 3 |" time="0"/>
  <testcase name="And The sum of two numbers is not equal to 3" classname="| 1 | 1 | 3 |" time="0"/>
  <testcase name="| 1 | 1 | 3 |" classname="| 1 | 1 | 3 |" time="0"/>
  <testcase name="Given I have any two valid numbers 2 1" classname="| 2 | 1 | 5 |" time="0"/>
  <testcase name="When I send a request to the service with above numbers" classname="| 2 | 1 | 5 |" time="0"/>
  <testcase name="Then I get successful response with status code &apos;200&apos;" classname="| 2 | 1 | 5 |" time="0"/>
  <testcase name="And The sum of two numbers is not equal to 5" classname="| 2 | 1 | 5 |" time="0"/>
  <testcase name="| 2 | 1 | 5 |" classname="| 2 | 1 | 5 |" time="0"/>
  <testcase name="Given I have any two valid numbers &apos;1&apos; &apos;2&apos;" classname="Scenario: Successful response type is of XML format" time="0"/>
  <testcase name="When I send a request to the service with above numbers" classname="Scenario: Successful response type is of XML format" time="0"/>
  <testcase name="Then I get successful response with status code &apos;200&apos;" classname="Scenario: Successful response type is of XML format" time="0"/>
  <testcase name="And The response type is in XML format:" classname="Scenario: Successful response type is of XML format" time="0"/>
  <testcase name="Scenario: Successful response type is of XML format" classname="Scenario: Successful response type is of XML format" time="0"/>
  <testcase name="Given I have any invalid numbers 1 a" classname="| 1 | a | 2 |" time="0"/>
  <testcase name="When I send a request to the service with above numbers" classname="| 1 | a | 2 |" time="0.003">
    <error message="400 null" type="org.springframework.web.client.HttpClientErrorException">org.springframework.web.client.HttpClientErrorException: 400 null
</error>
    <system-out><![CDATA[19:46:00.869 [main] DEBUG org.springframework.web.client.RestTemplate - Created GET request for "http://localhost:8080/addition/1/a/"
19:46:00.869 [main] DEBUG org.springframework.web.client.RestTemplate - Setting request Accept header to [text/plain, application/xml, text/xml, application/json, application/*+xml, application/*+json, */*]
19:46:00.872 [main] DEBUG org.springframework.web.client.RestTemplate - GET request for "http://localhost:8080/addition/1/a/" resulted in 400 (null); invoking error handler
]]></system-out>
  </testcase>
  <testcase name="| 1 | a | 2 |" classname="| 1 | a | 2 |" time="0.003">
    <error message="400 null" type="org.springframework.web.client.HttpClientErrorException">org.springframework.web.client.HttpClientErrorException: 400 null
</error>
  </testcase>
  <testcase name="Then I get successful response with status code &apos;400&apos;" classname="| 1 | a | 2 |" time="0">
    <skipped/>
  </testcase>
</testsuite>